<?xml version="1.0" encoding="utf-8"?><testsuites><testsuite name="pytest" errors="0" failures="0" skipped="0" tests="5" time="0.117" timestamp="2024-02-21T21:24:23.964976" hostname="jefferson-Inspiron-5566"><testcase classname="tests.test_bytebank.TestClass" name="test_quando_idade_recebe_13_03_2000_deve_retornar_24" time="0.003" /><testcase classname="tests.test_bytebank.TestClass" name="test_quando_nome_recebe_jefferson_sousa_deve_retornar_sousa" time="0.002" /><testcase classname="tests.test_bytebank.TestClass" name="test_quando_decrescimo_salario_recebe_100000_deve_retornar_90000" time="0.001" /><testcase classname="tests.test_bytebank.TestClass" name="test_quando_calcular_bonus_recebe_1000_deve_retornar_100" time="0.001" /><testcase classname="tests.test_bytebank.TestClass" name="test_quando_calcular_bonus_recebe_1000000_deve_retornar_exception" time="0.002" /></testsuite></testsuites>